<?xml version="1.0" encoding="UTF-8"?>
<testsuite xmlns:xsi="http://www.w3.org/2001/XMLSchema-instance" xsi:noNamespaceSchemaLocation="https://maven.apache.org/surefire/maven-surefire-plugin/xsd/surefire-test-report.xsd" name="io.github.oliviercailloux.y2018.apartments.valuefunction.DiscreteValueFunctionTest" time="0.063" tests="4" errors="0" skipped="0" failures="0">
  <properties>
    <property name="sun.desktop" value="gnome"/>
    <property name="awt.toolkit" value="sun.awt.X11.XToolkit"/>
    <property name="file.encoding.pkg" value="sun.io"/>
    <property name="java.specification.version" value="1.8"/>
    <property name="sun.cpu.isalist" value=""/>
    <property name="sun.jnu.encoding" value="UTF-8"/>
    <property name="java.class.path" value="/home/yan/Apartments/target/test-classes:/home/yan/Apartments/target/classes:/home/yan/.m2/repository/org/slf4j/slf4j-api/1.7.26/slf4j-api-1.7.26.jar:/home/yan/.m2/repository/com/google/guava/guava/27.1-jre/guava-27.1-jre.jar:/home/yan/.m2/repository/com/google/guava/failureaccess/1.0.1/failureaccess-1.0.1.jar:/home/yan/.m2/repository/com/google/guava/listenablefuture/9999.0-empty-to-avoid-conflict-with-guava/listenablefuture-9999.0-empty-to-avoid-conflict-with-guava.jar:/home/yan/.m2/repository/com/google/code/findbugs/jsr305/3.0.2/jsr305-3.0.2.jar:/home/yan/.m2/repository/org/checkerframework/checker-qual/2.5.2/checker-qual-2.5.2.jar:/home/yan/.m2/repository/com/google/errorprone/error_prone_annotations/2.2.0/error_prone_annotations-2.2.0.jar:/home/yan/.m2/repository/com/google/j2objc/j2objc-annotations/1.1/j2objc-annotations-1.1.jar:/home/yan/.m2/repository/org/codehaus/mojo/animal-sniffer-annotations/1.17/animal-sniffer-annotations-1.17.jar:/home/yan/.m2/repository/ch/qos/logback/logback-classic/1.2.3/logback-classic-1.2.3.jar:/home/yan/.m2/repository/ch/qos/logback/logback-core/1.2.3/logback-core-1.2.3.jar:/home/yan/.m2/repository/org/eclipse/platform/org.eclipse.jface/3.15.100/org.eclipse.jface-3.15.100.jar:/home/yan/.m2/repository/org/eclipse/platform/org.eclipse.core.commands/3.9.200/org.eclipse.core.commands-3.9.200.jar:/home/yan/.m2/repository/org/eclipse/platform/org.eclipse.equinox.common/3.10.0/org.eclipse.equinox.common-3.10.0.jar:/home/yan/.m2/repository/org/junit/platform/junit-platform-launcher/1.4.2/junit-platform-launcher-1.4.2.jar:/home/yan/.m2/repository/org/apiguardian/apiguardian-api/1.0.0/apiguardian-api-1.0.0.jar:/home/yan/.m2/repository/org/junit/platform/junit-platform-engine/1.4.2/junit-platform-engine-1.4.2.jar:/home/yan/.m2/repository/org/opentest4j/opentest4j/1.1.1/opentest4j-1.1.1.jar:/home/yan/.m2/repository/org/junit/platform/junit-platform-commons/1.4.2/junit-platform-commons-1.4.2.jar:/home/yan/.m2/repository/com/google/maps/google-maps-services/0.9.0/google-maps-services-0.9.0.jar:/home/yan/.m2/repository/com/google/code/gson/gson/2.8.5/gson-2.8.5.jar:/home/yan/.m2/repository/com/squareup/okhttp3/okhttp/3.14.2/okhttp-3.14.2.jar:/home/yan/.m2/repository/com/squareup/okio/okio/1.17.2/okio-1.17.2.jar:/home/yan/.m2/repository/joda-time/joda-time/2.10.2/joda-time-2.10.2.jar:/home/yan/.m2/repository/org/joda/joda-convert/2.2.1/joda-convert-2.2.1.jar:/home/yan/.m2/repository/junit/junit/4.12/junit-4.12.jar:/home/yan/.m2/repository/org/hamcrest/hamcrest-core/1.3/hamcrest-core-1.3.jar:/home/yan/.m2/repository/org/junit/jupiter/junit-jupiter-engine/5.4.2/junit-jupiter-engine-5.4.2.jar:/home/yan/.m2/repository/org/junit/jupiter/junit-jupiter-api/5.4.2/junit-jupiter-api-5.4.2.jar:/home/yan/.m2/repository/org/eclipse/platform/org.eclipse.swt.gtk.linux.x86_64/3.106.3/org.eclipse.swt.gtk.linux.x86_64-3.106.3.jar:"/>
    <property name="java.vm.vendor" value="Oracle Corporation"/>
    <property name="sun.arch.data.model" value="64"/>
    <property name="java.vendor.url" value="http://java.oracle.com/"/>
    <property name="user.timezone" value=""/>
    <property name="java.vm.specification.version" value="1.8"/>
    <property name="os.name" value="Linux"/>
    <property name="user.country" value="FR"/>
    <property name="sun.java.launcher" value="SUN_STANDARD"/>
    <property name="sun.boot.library.path" value="/usr/lib/jvm/java-8-openjdk-amd64/jre/lib/amd64"/>
    <property name="sun.java.command" value="/home/yan/Apartments/target/surefire/surefirebooter5041106382937019436.jar /home/yan/Apartments/target/surefire 2019-07-01T00-11-23_445-jvmRun1 surefire7367209392684056484tmp surefire_07230525393981936516tmp"/>
    <property name="surefire.test.class.path" value="/home/yan/Apartments/target/test-classes:/home/yan/Apartments/target/classes:/home/yan/.m2/repository/org/slf4j/slf4j-api/1.7.26/slf4j-api-1.7.26.jar:/home/yan/.m2/repository/com/google/guava/guava/27.1-jre/guava-27.1-jre.jar:/home/yan/.m2/repository/com/google/guava/failureaccess/1.0.1/failureaccess-1.0.1.jar:/home/yan/.m2/repository/com/google/guava/listenablefuture/9999.0-empty-to-avoid-conflict-with-guava/listenablefuture-9999.0-empty-to-avoid-conflict-with-guava.jar:/home/yan/.m2/repository/com/google/code/findbugs/jsr305/3.0.2/jsr305-3.0.2.jar:/home/yan/.m2/repository/org/checkerframework/checker-qual/2.5.2/checker-qual-2.5.2.jar:/home/yan/.m2/repository/com/google/errorprone/error_prone_annotations/2.2.0/error_prone_annotations-2.2.0.jar:/home/yan/.m2/repository/com/google/j2objc/j2objc-annotations/1.1/j2objc-annotations-1.1.jar:/home/yan/.m2/repository/org/codehaus/mojo/animal-sniffer-annotations/1.17/animal-sniffer-annotations-1.17.jar:/home/yan/.m2/repository/ch/qos/logback/logback-classic/1.2.3/logback-classic-1.2.3.jar:/home/yan/.m2/repository/ch/qos/logback/logback-core/1.2.3/logback-core-1.2.3.jar:/home/yan/.m2/repository/org/eclipse/platform/org.eclipse.jface/3.15.100/org.eclipse.jface-3.15.100.jar:/home/yan/.m2/repository/org/eclipse/platform/org.eclipse.core.commands/3.9.200/org.eclipse.core.commands-3.9.200.jar:/home/yan/.m2/repository/org/eclipse/platform/org.eclipse.equinox.common/3.10.0/org.eclipse.equinox.common-3.10.0.jar:/home/yan/.m2/repository/org/junit/platform/junit-platform-launcher/1.4.2/junit-platform-launcher-1.4.2.jar:/home/yan/.m2/repository/org/apiguardian/apiguardian-api/1.0.0/apiguardian-api-1.0.0.jar:/home/yan/.m2/repository/org/junit/platform/junit-platform-engine/1.4.2/junit-platform-engine-1.4.2.jar:/home/yan/.m2/repository/org/opentest4j/opentest4j/1.1.1/opentest4j-1.1.1.jar:/home/yan/.m2/repository/org/junit/platform/junit-platform-commons/1.4.2/junit-platform-commons-1.4.2.jar:/home/yan/.m2/repository/com/google/maps/google-maps-services/0.9.0/google-maps-services-0.9.0.jar:/home/yan/.m2/repository/com/google/code/gson/gson/2.8.5/gson-2.8.5.jar:/home/yan/.m2/repository/com/squareup/okhttp3/okhttp/3.14.2/okhttp-3.14.2.jar:/home/yan/.m2/repository/com/squareup/okio/okio/1.17.2/okio-1.17.2.jar:/home/yan/.m2/repository/joda-time/joda-time/2.10.2/joda-time-2.10.2.jar:/home/yan/.m2/repository/org/joda/joda-convert/2.2.1/joda-convert-2.2.1.jar:/home/yan/.m2/repository/junit/junit/4.12/junit-4.12.jar:/home/yan/.m2/repository/org/hamcrest/hamcrest-core/1.3/hamcrest-core-1.3.jar:/home/yan/.m2/repository/org/junit/jupiter/junit-jupiter-engine/5.4.2/junit-jupiter-engine-5.4.2.jar:/home/yan/.m2/repository/org/junit/jupiter/junit-jupiter-api/5.4.2/junit-jupiter-api-5.4.2.jar:/home/yan/.m2/repository/org/eclipse/platform/org.eclipse.swt.gtk.linux.x86_64/3.106.3/org.eclipse.swt.gtk.linux.x86_64-3.106.3.jar:"/>
    <property name="sun.cpu.endian" value="little"/>
    <property name="user.home" value="/home/yan"/>
    <property name="user.language" value="fr"/>
    <property name="java.specification.vendor" value="Oracle Corporation"/>
    <property name="java.home" value="/usr/lib/jvm/java-8-openjdk-amd64/jre"/>
    <property name="basedir" value="/home/yan/Apartments"/>
    <property name="file.separator" value="/"/>
    <property name="line.separator" value="&#10;"/>
    <property name="java.vm.specification.vendor" value="Oracle Corporation"/>
    <property name="java.specification.name" value="Java Platform API Specification"/>
    <property name="java.awt.graphicsenv" value="sun.awt.X11GraphicsEnvironment"/>
    <property name="surefire.real.class.path" value="/home/yan/Apartments/target/surefire/surefirebooter5041106382937019436.jar"/>
    <property name="sun.boot.class.path" value="/usr/lib/jvm/java-8-openjdk-amd64/jre/lib/resources.jar:/usr/lib/jvm/java-8-openjdk-amd64/jre/lib/rt.jar:/usr/lib/jvm/java-8-openjdk-amd64/jre/lib/sunrsasign.jar:/usr/lib/jvm/java-8-openjdk-amd64/jre/lib/jsse.jar:/usr/lib/jvm/java-8-openjdk-amd64/jre/lib/jce.jar:/usr/lib/jvm/java-8-openjdk-amd64/jre/lib/charsets.jar:/usr/lib/jvm/java-8-openjdk-amd64/jre/lib/jfr.jar:/usr/lib/jvm/java-8-openjdk-amd64/jre/classes"/>
    <property name="sun.management.compiler" value="HotSpot 64-Bit Tiered Compilers"/>
    <property name="java.runtime.version" value="1.8.0_212-8u212-b03-2~deb9u1-b03"/>
    <property name="user.name" value="yan"/>
    <property name="path.separator" value=":"/>
    <property name="os.version" value="4.9.0-8-amd64"/>
    <property name="java.endorsed.dirs" value="/usr/lib/jvm/java-8-openjdk-amd64/jre/lib/endorsed"/>
    <property name="java.runtime.name" value="OpenJDK Runtime Environment"/>
    <property name="file.encoding" value="UTF-8"/>
    <property name="java.vm.name" value="OpenJDK 64-Bit Server VM"/>
    <property name="localRepository" value="/home/yan/.m2/repository"/>
    <property name="java.vendor.url.bug" value="http://bugreport.sun.com/bugreport/"/>
    <property name="java.io.tmpdir" value="/tmp"/>
    <property name="java.version" value="1.8.0_212"/>
    <property name="user.dir" value="/home/yan/Apartments"/>
    <property name="os.arch" value="amd64"/>
    <property name="java.vm.specification.name" value="Java Virtual Machine Specification"/>
    <property name="java.awt.printerjob" value="sun.print.PSPrinterJob"/>
    <property name="sun.os.patch.level" value="unknown"/>
    <property name="java.library.path" value="/usr/java/packages/lib/amd64:/usr/lib/x86_64-linux-gnu/jni:/lib/x86_64-linux-gnu:/usr/lib/x86_64-linux-gnu:/usr/lib/jni:/lib:/usr/lib"/>
    <property name="java.vm.info" value="mixed mode"/>
    <property name="java.vendor" value="Oracle Corporation"/>
    <property name="java.vm.version" value="25.212-b03"/>
    <property name="java.ext.dirs" value="/usr/lib/jvm/java-8-openjdk-amd64/jre/lib/ext:/usr/java/packages/lib/ext"/>
    <property name="sun.io.unicode.encoding" value="UnicodeLittle"/>
    <property name="java.class.version" value="52.0"/>
  </properties>
  <testcase name="exceptionDiffArgsString" classname="io.github.oliviercailloux.y2018.apartments.valuefunction.DiscreteValueFunctionTest" time="0.052"/>
  <testcase name="exceptionTesting" classname="io.github.oliviercailloux.y2018.apartments.valuefunction.DiscreteValueFunctionTest" time="0.002"/>
  <testcase name="getSubjectiveValueTest" classname="io.github.oliviercailloux.y2018.apartments.valuefunction.DiscreteValueFunctionTest" time="0.005"/>
  <testcase name="ConstructorValueTest" classname="io.github.oliviercailloux.y2018.apartments.valuefunction.DiscreteValueFunctionTest" time="0.001"/>
</testsuite>